build/app/intermediates/manifest_merge_blame_file/debug/manifest-merger-blame-debug-report.txt
1<?xml version="1.0" encoding="utf-8"?>
2<manifest xmlns:android="http://schemas.android.com/apk/res/android"
3    package="com.example.todaydo_app"
4    android:versionCode="1"
5    android:versionName="1.0.0" >
6
7    <uses-sdk
8        android:minSdkVersion="21"
9        android:targetSdkVersion="33" />
10    <!--
11         The INTERNET permission is required for development. Specifically,
12         the Flutter tool needs it to communicate with the running application
13         to allow setting breakpoints, to provide hot reload, etc.
14    -->
15    <uses-permission android:name="android.permission.INTERNET" />
15-->src\debug\AndroidManifest.xml:7:5-66
15-->src\debug\AndroidManifest.xml:7:22-64
16    <uses-permission android:name="android.permission.ACCESS_NETWORK_STATE" />
16-->[:firebase_analytics] AndroidManifest.xml:9:5-79
16-->[:firebase_analytics] AndroidManifest.xml:9:22-76
17    <uses-permission android:name="android.permission.WAKE_LOCK" />
17-->[:firebase_analytics] AndroidManifest.xml:11:5-68
17-->[:firebase_analytics] AndroidManifest.xml:11:22-65
18    <uses-permission android:name="com.google.android.gms.permission.AD_ID" />
18-->[com.google.android.gms:play-services-measurement-api:21.2.2] AndroidManifest.xml:25:5-79
18-->[com.google.android.gms:play-services-measurement-api:21.2.2] AndroidManifest.xml:25:22-76
19    <uses-permission android:name="com.google.android.finsky.permission.BIND_GET_INSTALL_REFERRER_SERVICE" />
19-->[com.google.android.gms:play-services-measurement:21.2.2] AndroidManifest.xml:26:5-110
19-->[com.google.android.gms:play-services-measurement:21.2.2] AndroidManifest.xml:26:22-107
20
21    <application
22        android:name="io.flutter.app.FlutterMultiDexApplication"
23        android:appComponentFactory="androidx.core.app.CoreComponentFactory"
23-->[androidx.core:core:1.6.0] AndroidManifest.xml:24:18-86
24        android:debuggable="true"
25        android:icon="@mipmap/ic_launcher"
26        android:label="todaydo_app" >
27        <activity
28            android:name="com.example.todaydo_app.MainActivity"
29            android:configChanges="orientation|keyboardHidden|keyboard|screenSize|smallestScreenSize|locale|layoutDirection|fontScale|screenLayout|density|uiMode"
30            android:exported="true"
31            android:hardwareAccelerated="true"
32            android:launchMode="singleTop"
33            android:theme="@style/LaunchTheme"
34            android:windowSoftInputMode="adjustResize" >
35
36            <!--
37                 Specifies an Android theme to apply to this Activity as soon as
38                 the Android process has started. This theme is visible to the user
39                 while the Flutter UI initializes. After that, this theme continues
40                 to determine the Window background behind the Flutter UI.
41            -->
42            <meta-data
43                android:name="io.flutter.embedding.android.NormalTheme"
44                android:resource="@style/NormalTheme" />
45
46            <intent-filter>
47                <action android:name="android.intent.action.MAIN" />
48
49                <category android:name="android.intent.category.LAUNCHER" />
50            </intent-filter>
51        </activity>
52        <!--
53             Don't delete the meta-data below.
54             This is used by the Flutter tool to generate GeneratedPluginRegistrant.java
55        -->
56        <meta-data
57            android:name="flutterEmbedding"
58            android:value="2" />
59
60        <service
60-->[:firebase_analytics] AndroidManifest.xml:14:9-18:19
61            android:name="com.google.firebase.components.ComponentDiscoveryService"
61-->[:firebase_analytics] AndroidManifest.xml:14:18-89
62            android:directBootAware="true"
62-->[com.google.firebase:firebase-common:20.3.2] AndroidManifest.xml:34:13-43
63            android:exported="false" >
63-->[com.google.firebase:firebase-analytics-ktx:21.2.2] AndroidManifest.xml:10:13-37
64            <meta-data
64-->[:firebase_analytics] AndroidManifest.xml:15:13-17:85
65                android:name="com.google.firebase.components:io.flutter.plugins.firebase.analytics.FlutterFirebaseAppRegistrar"
65-->[:firebase_analytics] AndroidManifest.xml:16:17-128
66                android:value="com.google.firebase.components.ComponentRegistrar" />
66-->[:firebase_analytics] AndroidManifest.xml:17:17-82
67            <meta-data
67-->[:firebase_auth] AndroidManifest.xml:11:13-13:85
68                android:name="com.google.firebase.components:io.flutter.plugins.firebase.auth.FlutterFirebaseAuthRegistrar"
68-->[:firebase_auth] AndroidManifest.xml:12:17-124
69                android:value="com.google.firebase.components.ComponentRegistrar" />
69-->[:firebase_auth] AndroidManifest.xml:13:17-82
70            <meta-data
70-->[:firebase_storage] AndroidManifest.xml:11:13-13:85
71                android:name="com.google.firebase.components:io.flutter.plugins.firebase.storage.FlutterFirebaseAppRegistrar"
71-->[:firebase_storage] AndroidManifest.xml:12:17-126
72                android:value="com.google.firebase.components.ComponentRegistrar" />
72-->[:firebase_storage] AndroidManifest.xml:13:17-82
73            <meta-data
73-->[:cloud_firestore] AndroidManifest.xml:11:13-13:85
74                android:name="com.google.firebase.components:io.flutter.plugins.firebase.firestore.FlutterFirebaseFirestoreRegistrar"
74-->[:cloud_firestore] AndroidManifest.xml:12:17-134
75                android:value="com.google.firebase.components.ComponentRegistrar" />
75-->[:cloud_firestore] AndroidManifest.xml:13:17-82
76            <meta-data
76-->[:firebase_core] AndroidManifest.xml:11:13-13:85
77                android:name="com.google.firebase.components:io.flutter.plugins.firebase.core.FlutterFirebaseCoreRegistrar"
77-->[:firebase_core] AndroidManifest.xml:12:17-124
78                android:value="com.google.firebase.components.ComponentRegistrar" />
78-->[:firebase_core] AndroidManifest.xml:13:17-82
79            <meta-data
79-->[com.google.firebase:firebase-analytics-ktx:21.2.2] AndroidManifest.xml:11:13-13:85
80                android:name="com.google.firebase.components:com.google.firebase.analytics.ktx.FirebaseAnalyticsKtxRegistrar"
80-->[com.google.firebase:firebase-analytics-ktx:21.2.2] AndroidManifest.xml:12:17-126
81                android:value="com.google.firebase.components.ComponentRegistrar" />
81-->[com.google.firebase:firebase-analytics-ktx:21.2.2] AndroidManifest.xml:13:17-82
82            <meta-data
82-->[com.google.firebase:firebase-firestore-ktx:24.6.0] AndroidManifest.xml:14:13-16:85
83                android:name="com.google.firebase.components:com.google.firebase.firestore.ktx.FirebaseFirestoreKtxRegistrar"
83-->[com.google.firebase:firebase-firestore-ktx:24.6.0] AndroidManifest.xml:15:17-126
84                android:value="com.google.firebase.components.ComponentRegistrar" />
84-->[com.google.firebase:firebase-firestore-ktx:24.6.0] AndroidManifest.xml:16:17-82
85            <meta-data
85-->[com.google.firebase:firebase-common-ktx:20.3.2] AndroidManifest.xml:14:13-16:85
86                android:name="com.google.firebase.components:com.google.firebase.ktx.FirebaseCommonKtxRegistrar"
86-->[com.google.firebase:firebase-common-ktx:20.3.2] AndroidManifest.xml:15:17-113
87                android:value="com.google.firebase.components.ComponentRegistrar" />
87-->[com.google.firebase:firebase-common-ktx:20.3.2] AndroidManifest.xml:16:17-82
88            <meta-data
88-->[com.google.firebase:firebase-auth:22.0.0] AndroidManifest.xml:69:13-71:85
89                android:name="com.google.firebase.components:com.google.firebase.auth.FirebaseAuthRegistrar"
89-->[com.google.firebase:firebase-auth:22.0.0] AndroidManifest.xml:70:17-109
90                android:value="com.google.firebase.components.ComponentRegistrar" />
90-->[com.google.firebase:firebase-auth:22.0.0] AndroidManifest.xml:71:17-82
91            <meta-data
91-->[com.google.firebase:firebase-firestore:24.6.0] AndroidManifest.xml:19:13-21:85
92                android:name="com.google.firebase.components:com.google.firebase.firestore.FirestoreRegistrar"
92-->[com.google.firebase:firebase-firestore:24.6.0] AndroidManifest.xml:20:17-111
93                android:value="com.google.firebase.components.ComponentRegistrar" />
93-->[com.google.firebase:firebase-firestore:24.6.0] AndroidManifest.xml:21:17-82
94            <meta-data
94-->[com.google.firebase:firebase-storage:20.2.0] AndroidManifest.xml:32:13-34:85
95                android:name="com.google.firebase.components:com.google.firebase.storage.StorageRegistrar"
95-->[com.google.firebase:firebase-storage:20.2.0] AndroidManifest.xml:33:17-107
96                android:value="com.google.firebase.components.ComponentRegistrar" />
96-->[com.google.firebase:firebase-storage:20.2.0] AndroidManifest.xml:34:17-82
97            <meta-data
97-->[com.google.android.gms:play-services-measurement-api:21.2.2] AndroidManifest.xml:31:13-33:85
98                android:name="com.google.firebase.components:com.google.firebase.analytics.connector.internal.AnalyticsConnectorRegistrar"
98-->[com.google.android.gms:play-services-measurement-api:21.2.2] AndroidManifest.xml:32:17-139
99                android:value="com.google.firebase.components.ComponentRegistrar" />
99-->[com.google.android.gms:play-services-measurement-api:21.2.2] AndroidManifest.xml:33:17-82
100            <meta-data
100-->[com.google.firebase:firebase-installations:17.1.3] AndroidManifest.xml:17:13-19:85
101                android:name="com.google.firebase.components:com.google.firebase.installations.FirebaseInstallationsRegistrar"
101-->[com.google.firebase:firebase-installations:17.1.3] AndroidManifest.xml:18:17-127
102                android:value="com.google.firebase.components.ComponentRegistrar" />
102-->[com.google.firebase:firebase-installations:17.1.3] AndroidManifest.xml:19:17-82
103        </service>
104
105        <activity
105-->[com.google.firebase:firebase-auth:22.0.0] AndroidManifest.xml:29:9-46:20
106            android:name="com.google.firebase.auth.internal.GenericIdpActivity"
106-->[com.google.firebase:firebase-auth:22.0.0] AndroidManifest.xml:30:13-80
107            android:excludeFromRecents="true"
107-->[com.google.firebase:firebase-auth:22.0.0] AndroidManifest.xml:31:13-46
108            android:exported="true"
108-->[com.google.firebase:firebase-auth:22.0.0] AndroidManifest.xml:32:13-36
109            android:launchMode="singleTask"
109-->[com.google.firebase:firebase-auth:22.0.0] AndroidManifest.xml:33:13-44
110            android:theme="@android:style/Theme.Translucent.NoTitleBar" >
110-->[com.google.firebase:firebase-auth:22.0.0] AndroidManifest.xml:34:13-72
111            <intent-filter>
111-->[com.google.firebase:firebase-auth:22.0.0] AndroidManifest.xml:35:13-45:29
112                <action android:name="android.intent.action.VIEW" />
112-->[com.google.firebase:firebase-auth:22.0.0] AndroidManifest.xml:36:17-69
112-->[com.google.firebase:firebase-auth:22.0.0] AndroidManifest.xml:36:25-66
113
114                <category android:name="android.intent.category.DEFAULT" />
114-->[com.google.firebase:firebase-auth:22.0.0] AndroidManifest.xml:38:17-76
114-->[com.google.firebase:firebase-auth:22.0.0] AndroidManifest.xml:38:27-73
115                <category android:name="android.intent.category.BROWSABLE" />
115-->[com.google.firebase:firebase-auth:22.0.0] AndroidManifest.xml:39:17-78
115-->[com.google.firebase:firebase-auth:22.0.0] AndroidManifest.xml:39:27-75
116
117                <data
117-->[com.google.firebase:firebase-auth:22.0.0] AndroidManifest.xml:41:17-44:51
118                    android:host="firebase.auth"
118-->[com.google.firebase:firebase-auth:22.0.0] AndroidManifest.xml:42:21-49
119                    android:path="/"
119-->[com.google.firebase:firebase-auth:22.0.0] AndroidManifest.xml:43:21-37
120                    android:scheme="genericidp" />
120-->[com.google.firebase:firebase-auth:22.0.0] AndroidManifest.xml:44:21-48
121            </intent-filter>
122        </activity>
123        <activity
123-->[com.google.firebase:firebase-auth:22.0.0] AndroidManifest.xml:47:9-64:20
124            android:name="com.google.firebase.auth.internal.RecaptchaActivity"
124-->[com.google.firebase:firebase-auth:22.0.0] AndroidManifest.xml:48:13-79
125            android:excludeFromRecents="true"
125-->[com.google.firebase:firebase-auth:22.0.0] AndroidManifest.xml:49:13-46
126            android:exported="true"
126-->[com.google.firebase:firebase-auth:22.0.0] AndroidManifest.xml:50:13-36
127            android:launchMode="singleTask"
127-->[com.google.firebase:firebase-auth:22.0.0] AndroidManifest.xml:51:13-44
128            android:theme="@android:style/Theme.Translucent.NoTitleBar" >
128-->[com.google.firebase:firebase-auth:22.0.0] AndroidManifest.xml:52:13-72
129            <intent-filter>
129-->[com.google.firebase:firebase-auth:22.0.0] AndroidManifest.xml:53:13-63:29
130                <action android:name="android.intent.action.VIEW" />
130-->[com.google.firebase:firebase-auth:22.0.0] AndroidManifest.xml:36:17-69
130-->[com.google.firebase:firebase-auth:22.0.0] AndroidManifest.xml:36:25-66
131
132                <category android:name="android.intent.category.DEFAULT" />
132-->[com.google.firebase:firebase-auth:22.0.0] AndroidManifest.xml:38:17-76
132-->[com.google.firebase:firebase-auth:22.0.0] AndroidManifest.xml:38:27-73
133                <category android:name="android.intent.category.BROWSABLE" />
133-->[com.google.firebase:firebase-auth:22.0.0] AndroidManifest.xml:39:17-78
133-->[com.google.firebase:firebase-auth:22.0.0] AndroidManifest.xml:39:27-75
134
135                <data
135-->[com.google.firebase:firebase-auth:22.0.0] AndroidManifest.xml:41:17-44:51
136                    android:host="firebase.auth"
136-->[com.google.firebase:firebase-auth:22.0.0] AndroidManifest.xml:42:21-49
137                    android:path="/"
137-->[com.google.firebase:firebase-auth:22.0.0] AndroidManifest.xml:43:21-37
138                    android:scheme="recaptcha" />
138-->[com.google.firebase:firebase-auth:22.0.0] AndroidManifest.xml:44:21-48
139            </intent-filter>
140        </activity>
141
142        <uses-library
142-->[androidx.window:window:1.0.0-beta04] AndroidManifest.xml:25:9-27:40
143            android:name="androidx.window.extensions"
143-->[androidx.window:window:1.0.0-beta04] AndroidManifest.xml:26:13-54
144            android:required="false" />
144-->[androidx.window:window:1.0.0-beta04] AndroidManifest.xml:27:13-37
145        <uses-library
145-->[androidx.window:window:1.0.0-beta04] AndroidManifest.xml:28:9-30:40
146            android:name="androidx.window.sidecar"
146-->[androidx.window:window:1.0.0-beta04] AndroidManifest.xml:29:13-51
147            android:required="false" />
147-->[androidx.window:window:1.0.0-beta04] AndroidManifest.xml:30:13-37
148
149        <provider
149-->[com.google.firebase:firebase-common:20.3.2] AndroidManifest.xml:25:9-30:39
150            android:name="com.google.firebase.provider.FirebaseInitProvider"
150-->[com.google.firebase:firebase-common:20.3.2] AndroidManifest.xml:26:13-77
151            android:authorities="com.example.todaydo_app.firebaseinitprovider"
151-->[com.google.firebase:firebase-common:20.3.2] AndroidManifest.xml:27:13-72
152            android:directBootAware="true"
152-->[com.google.firebase:firebase-common:20.3.2] AndroidManifest.xml:28:13-43
153            android:exported="false"
153-->[com.google.firebase:firebase-common:20.3.2] AndroidManifest.xml:29:13-37
154            android:initOrder="100" />
154-->[com.google.firebase:firebase-common:20.3.2] AndroidManifest.xml:30:13-36
155
156        <activity
156-->[com.google.android.gms:play-services-base:18.0.1] AndroidManifest.xml:20:9-22:45
157            android:name="com.google.android.gms.common.api.GoogleApiActivity"
157-->[com.google.android.gms:play-services-base:18.0.1] AndroidManifest.xml:20:19-85
158            android:exported="false"
158-->[com.google.android.gms:play-services-base:18.0.1] AndroidManifest.xml:22:19-43
159            android:theme="@android:style/Theme.Translucent.NoTitleBar" />
159-->[com.google.android.gms:play-services-base:18.0.1] AndroidManifest.xml:21:19-78
160
161        <receiver
161-->[com.google.android.gms:play-services-measurement:21.2.2] AndroidManifest.xml:29:9-33:20
162            android:name="com.google.android.gms.measurement.AppMeasurementReceiver"
162-->[com.google.android.gms:play-services-measurement:21.2.2] AndroidManifest.xml:30:13-85
163            android:enabled="true"
163-->[com.google.android.gms:play-services-measurement:21.2.2] AndroidManifest.xml:31:13-35
164            android:exported="false" >
164-->[com.google.android.gms:play-services-measurement:21.2.2] AndroidManifest.xml:32:13-37
165        </receiver>
166
167        <service
167-->[com.google.android.gms:play-services-measurement:21.2.2] AndroidManifest.xml:35:9-38:40
168            android:name="com.google.android.gms.measurement.AppMeasurementService"
168-->[com.google.android.gms:play-services-measurement:21.2.2] AndroidManifest.xml:36:13-84
169            android:enabled="true"
169-->[com.google.android.gms:play-services-measurement:21.2.2] AndroidManifest.xml:37:13-35
170            android:exported="false" />
170-->[com.google.android.gms:play-services-measurement:21.2.2] AndroidManifest.xml:38:13-37
171        <service
171-->[com.google.android.gms:play-services-measurement:21.2.2] AndroidManifest.xml:39:9-43:72
172            android:name="com.google.android.gms.measurement.AppMeasurementJobService"
172-->[com.google.android.gms:play-services-measurement:21.2.2] AndroidManifest.xml:40:13-87
173            android:enabled="true"
173-->[com.google.android.gms:play-services-measurement:21.2.2] AndroidManifest.xml:41:13-35
174            android:exported="false"
174-->[com.google.android.gms:play-services-measurement:21.2.2] AndroidManifest.xml:42:13-37
175            android:permission="android.permission.BIND_JOB_SERVICE" />
175-->[com.google.android.gms:play-services-measurement:21.2.2] AndroidManifest.xml:43:13-69
176
177        <meta-data
177-->[com.google.android.gms:play-services-basement:18.1.0] AndroidManifest.xml:21:9-23:69
178            android:name="com.google.android.gms.version"
178-->[com.google.android.gms:play-services-basement:18.1.0] AndroidManifest.xml:22:13-58
179            android:value="@integer/google_play_services_version" />
179-->[com.google.android.gms:play-services-basement:18.1.0] AndroidManifest.xml:23:13-66
180    </application>
181
182</manifest>